Using pre-set license
Built from '2020.3/staging' branch; Version is '2020.3.19f1 (68f137dc9bbe) revision 6877495'; Using compiler version '192528614'; Build Type 'Release'
OS: 'Windows 10 Enterprise; OS build 19042.1237; Version 2009; 64bit' Language: 'en' Physical Memory: 16326 MB
BatchMode: 1, IsHumanControllingUs: 0, StartBugReporterOnCrash: 0, Is64bit: 1, IsPro: 0

COMMAND LINE ARGUMENTS:
C:\Program Files\Unity\Hub\Editor\2020.3.19f1\Editor\Unity.exe
-adb2
-batchMode
-noUpm
-name
AssetImportWorker0
-projectPath
D:/Users/Administrator/Desktop/Git/Unity-TDP-group-project/TDP
-logFile
Logs/AssetImportWorker0.log
-srvPort
57088
Successfully changed project path to: D:/Users/Administrator/Desktop/Git/Unity-TDP-group-project/TDP
D:/Users/Administrator/Desktop/Git/Unity-TDP-group-project/TDP
Using Asset Import Pipeline V2.
Refreshing native plugins compatible for Editor in 47.87 ms, found 3 plugins.
Preloading 0 native plugins for Editor in 0.00 ms.
Initialize engine version: 2020.3.19f1 (68f137dc9bbe)
[Subsystems] Discovering subsystems at path C:/Program Files/Unity/Hub/Editor/2020.3.19f1/Editor/Data/Resources/UnitySubsystems
[Subsystems] Discovering subsystems at path D:/Users/Administrator/Desktop/Git/Unity-TDP-group-project/TDP/Assets
GfxDevice: creating device client; threaded=0
Direct3D:
    Version:  Direct3D 11.0 [level 11.1]
    Renderer: NVIDIA GeForce GTX 1070 Ti (ID=0x1b82)
    Vendor:   
    VRAM:     8079 MB
    Driver:   30.0.14.7168
Initialize mono
Mono path[0] = 'C:/Program Files/Unity/Hub/Editor/2020.3.19f1/Editor/Data/Managed'
Mono path[1] = 'C:/Program Files/Unity/Hub/Editor/2020.3.19f1/Editor/Data/MonoBleedingEdge/lib/mono/unityjit'
Mono config path = 'C:/Program Files/Unity/Hub/Editor/2020.3.19f1/Editor/Data/MonoBleedingEdge/etc'
Using monoOptions --debugger-agent=transport=dt_socket,embedding=1,server=y,suspend=n,address=127.0.0.1:56868
Begin MonoManager ReloadAssembly
Registering precompiled unity dll's ...
Register platform support module: C:/Program Files/Unity/Hub/Editor/2020.3.19f1/Editor/Data/PlaybackEngines/WindowsStandaloneSupport/UnityEditor.WindowsStandalone.Extensions.dll
Registered in 0.003009 seconds.
Native extension for WindowsStandalone target not found
Refreshing native plugins compatible for Editor in 51.43 ms, found 3 plugins.
Preloading 0 native plugins for Editor in 0.00 ms.
Mono: successfully reloaded assembly
- Completed reload, in  1.130 seconds
Domain Reload Profiling:
	ReloadAssembly (1130ms)
		BeginReloadAssembly (58ms)
			ExecutionOrderSort (0ms)
			DisableScriptedObjects (0ms)
			BackupInstance (0ms)
			ReleaseScriptingObjects (0ms)
			CreateAndSetChildDomain (1ms)
		EndReloadAssembly (405ms)
			LoadAssemblies (55ms)
			RebuildTransferFunctionScriptingTraits (0ms)
			SetupTypeCache (140ms)
			ReleaseScriptCaches (0ms)
			RebuildScriptCaches (28ms)
			SetupLoadedEditorAssemblies (167ms)
				LogAssemblyErrors (0ms)
				InitializePlatformSupportModulesInManaged (4ms)
				SetLoadedEditorAssemblies (0ms)
				RefreshPlugins (52ms)
				BeforeProcessingInitializeOnLoad (12ms)
				ProcessInitializeOnLoadAttributes (74ms)
				ProcessInitializeOnLoadMethodAttributes (25ms)
				AfterProcessingInitializeOnLoad (0ms)
				EditorAssembliesLoaded (0ms)
			ExecutionOrderSort2 (0ms)
			AwakeInstancesAfterBackupRestoration (0ms)
Platform modules already initialized, skipping
Registering precompiled user dll's ...
Registered in 0.003354 seconds.
Begin MonoManager ReloadAssembly
Native extension for WindowsStandalone target not found
Refreshing native plugins compatible for Editor in 51.01 ms, found 3 plugins.
Preloading 0 native plugins for Editor in 0.00 ms.
Mono: successfully reloaded assembly
- Completed reload, in  1.192 seconds
Domain Reload Profiling:
	ReloadAssembly (1192ms)
		BeginReloadAssembly (151ms)
			ExecutionOrderSort (0ms)
			DisableScriptedObjects (4ms)
			BackupInstance (0ms)
			ReleaseScriptingObjects (0ms)
			CreateAndSetChildDomain (17ms)
		EndReloadAssembly (968ms)
			LoadAssemblies (101ms)
			RebuildTransferFunctionScriptingTraits (0ms)
			SetupTypeCache (315ms)
			ReleaseScriptCaches (0ms)
			RebuildScriptCaches (49ms)
			SetupLoadedEditorAssemblies (381ms)
				LogAssemblyErrors (0ms)
				InitializePlatformSupportModulesInManaged (4ms)
				SetLoadedEditorAssemblies (0ms)
				RefreshPlugins (51ms)
				BeforeProcessingInitializeOnLoad (80ms)
				ProcessInitializeOnLoadAttributes (223ms)
				ProcessInitializeOnLoadMethodAttributes (13ms)
				AfterProcessingInitializeOnLoad (10ms)
				EditorAssembliesLoaded (0ms)
			ExecutionOrderSort2 (0ms)
			AwakeInstancesAfterBackupRestoration (6ms)
Platform modules already initialized, skipping
========================================================================
Worker process is ready to serve import requests
Launched and connected shader compiler UnityShaderCompiler.exe after 0.06 seconds
Refreshing native plugins compatible for Editor in 0.47 ms, found 3 plugins.
Preloading 0 native plugins for Editor in 0.00 ms.
Unloading 2831 Unused Serialized files (Serialized files now loaded: 0)
System memory in use before: 117.1 MB.
System memory in use after: 117.3 MB.

Unloading 28 unused Assets to reduce memory usage. Loaded Objects now: 3272.
Total: 3.206300 ms (FindLiveObjects: 0.226900 ms CreateObjectMapping: 0.128000 ms MarkObjects: 2.770800 ms  DeleteObjects: 0.079000 ms)

AssetImportParameters requested are different than current active one (requested -> active):
  custom:framework-win-MediaFoundation: 216162199b28c13a410421893ffa2e32 -> 
  custom:video-decoder-ogg-theora: a1e56fd34408186e4bbccfd4996cb3dc -> 
  custom:container-muxer-webm: aa71ff27fc2769a1b78a27578f13a17b -> 
  custom:container-demuxer-webm: 4f35f7cbe854078d1ac9338744f61a02 -> 
  custom:container-demuxer-ogg: 62fdf1f143b41e24485cea50d1cbac27 -> 
  custom:video-encoder-webm-vp8: eb34c28f22e8b96e1ab97ce403110664 -> 
  custom:video-decoder-webm-vp8: 9c59270c3fd7afecdb556c50c9e8de78 -> 
  custom:audio-decoder-ogg-vorbis: bf7c407c2cedff20999df2af8eb42d56 -> 
  custom:audio-encoder-webm-vorbis: bf7c407c2cedff20999df2af8eb42d56 -> 
========================================================================
Received Import Request.
  path: Assets/Scripts/Input/GameInput.inputactions
  artifactKey: Guid(49a37e01bcfafb449a20762a9f497b6c) Importer(815301076,1909f56bfc062723c751e8b465ee728b)
Start importing Assets/Scripts/Input/GameInput.inputactions using Guid(49a37e01bcfafb449a20762a9f497b6c) Importer(815301076,1909f56bfc062723c751e8b465ee728b)  -> (artifact id: '657a4923a6ed6f354ed040041eda9018') in 0.042107 seconds 
  Import took 0.046085 seconds .

========================================================================
Received Import Request.
  Time since last request: 42.373534 seconds.
  path: Assets/Scripts/Input/GameInput.inputactions
  artifactKey: Guid(49a37e01bcfafb449a20762a9f497b6c) Importer(815301076,1909f56bfc062723c751e8b465ee728b)
Start importing Assets/Scripts/Input/GameInput.inputactions using Guid(49a37e01bcfafb449a20762a9f497b6c) Importer(815301076,1909f56bfc062723c751e8b465ee728b)  -> (artifact id: 'cf59290075a84ec76933039d7a3aa969') in 0.004458 seconds 
  Import took 0.008825 seconds .

========================================================================
Received Prepare
Registering precompiled user dll's ...
Registered in 0.003340 seconds.
Begin MonoManager ReloadAssembly
Native extension for WindowsStandalone target not found
Refreshing native plugins compatible for Editor in 0.46 ms, found 3 plugins.
Preloading 0 native plugins for Editor in 0.00 ms.
Mono: successfully reloaded assembly
- Completed reload, in  1.034 seconds
Domain Reload Profiling:
	ReloadAssembly (1034ms)
		BeginReloadAssembly (128ms)
			ExecutionOrderSort (0ms)
			DisableScriptedObjects (6ms)
			BackupInstance (0ms)
			ReleaseScriptingObjects (0ms)
			CreateAndSetChildDomain (33ms)
		EndReloadAssembly (841ms)
			LoadAssemblies (94ms)
			RebuildTransferFunctionScriptingTraits (0ms)
			SetupTypeCache (292ms)
			ReleaseScriptCaches (1ms)
			RebuildScriptCaches (41ms)
			SetupLoadedEditorAssemblies (312ms)
				LogAssemblyErrors (0ms)
				InitializePlatformSupportModulesInManaged (4ms)
				SetLoadedEditorAssemblies (0ms)
				RefreshPlugins (1ms)
				BeforeProcessingInitializeOnLoad (90ms)
				ProcessInitializeOnLoadAttributes (202ms)
				ProcessInitializeOnLoadMethodAttributes (6ms)
				AfterProcessingInitializeOnLoad (10ms)
				EditorAssembliesLoaded (0ms)
			ExecutionOrderSort2 (0ms)
			AwakeInstancesAfterBackupRestoration (9ms)
Platform modules already initialized, skipping
Refreshing native plugins compatible for Editor in 0.51 ms, found 3 plugins.
Preloading 0 native plugins for Editor in 0.00 ms.
Unloading 2822 Unused Serialized files (Serialized files now loaded: 0)
System memory in use before: 116.8 MB.
System memory in use after: 117.0 MB.

Unloading 14 unused Assets to reduce memory usage. Loaded Objects now: 3276.
Total: 3.221700 ms (FindLiveObjects: 0.215800 ms CreateObjectMapping: 0.116000 ms MarkObjects: 2.870600 ms  DeleteObjects: 0.018300 ms)

AssetImportParameters requested are different than current active one (requested -> active):
  custom:framework-win-MediaFoundation: 216162199b28c13a410421893ffa2e32 -> 
  custom:video-decoder-ogg-theora: a1e56fd34408186e4bbccfd4996cb3dc -> 
  custom:container-muxer-webm: aa71ff27fc2769a1b78a27578f13a17b -> 
  custom:container-demuxer-webm: 4f35f7cbe854078d1ac9338744f61a02 -> 
  custom:container-demuxer-ogg: 62fdf1f143b41e24485cea50d1cbac27 -> 
  custom:video-encoder-webm-vp8: eb34c28f22e8b96e1ab97ce403110664 -> 
  custom:video-decoder-webm-vp8: 9c59270c3fd7afecdb556c50c9e8de78 -> 
  custom:audio-decoder-ogg-vorbis: bf7c407c2cedff20999df2af8eb42d56 -> 
  custom:audio-encoder-webm-vorbis: bf7c407c2cedff20999df2af8eb42d56 -> 
========================================================================
Received Import Request.
  Time since last request: 132.304302 seconds.
  path: Assets/Addons
  artifactKey: Guid(788e5b8102afff743bc0df21908b7c51) Importer(815301076,1909f56bfc062723c751e8b465ee728b)
Start importing Assets/Addons using Guid(788e5b8102afff743bc0df21908b7c51) Importer(815301076,1909f56bfc062723c751e8b465ee728b)  -> (artifact id: '4ff0e658d4f023e6eca6fb81db20601e') in 0.008689 seconds 
  Import took 0.013554 seconds .

========================================================================
Received Prepare
Registering precompiled user dll's ...
Registered in 0.003610 seconds.
Begin MonoManager ReloadAssembly
Native extension for WindowsStandalone target not found
Refreshing native plugins compatible for Editor in 0.47 ms, found 3 plugins.
Preloading 0 native plugins for Editor in 0.00 ms.
Mono: successfully reloaded assembly
- Completed reload, in  1.023 seconds
Domain Reload Profiling:
	ReloadAssembly (1024ms)
		BeginReloadAssembly (117ms)
			ExecutionOrderSort (0ms)
			DisableScriptedObjects (6ms)
			BackupInstance (0ms)
			ReleaseScriptingObjects (0ms)
			CreateAndSetChildDomain (33ms)
		EndReloadAssembly (844ms)
			LoadAssemblies (94ms)
			RebuildTransferFunctionScriptingTraits (0ms)
			SetupTypeCache (287ms)
			ReleaseScriptCaches (1ms)
			RebuildScriptCaches (41ms)
			SetupLoadedEditorAssemblies (322ms)
				LogAssemblyErrors (0ms)
				InitializePlatformSupportModulesInManaged (4ms)
				SetLoadedEditorAssemblies (0ms)
				RefreshPlugins (1ms)
				BeforeProcessingInitializeOnLoad (93ms)
				ProcessInitializeOnLoadAttributes (209ms)
				ProcessInitializeOnLoadMethodAttributes (6ms)
				AfterProcessingInitializeOnLoad (10ms)
				EditorAssembliesLoaded (0ms)
			ExecutionOrderSort2 (0ms)
			AwakeInstancesAfterBackupRestoration (9ms)
Platform modules already initialized, skipping
Refreshing native plugins compatible for Editor in 0.47 ms, found 3 plugins.
Preloading 0 native plugins for Editor in 0.00 ms.
Unloading 2822 Unused Serialized files (Serialized files now loaded: 0)
System memory in use before: 116.9 MB.
System memory in use after: 117.1 MB.

Unloading 14 unused Assets to reduce memory usage. Loaded Objects now: 3279.
Total: 3.171200 ms (FindLiveObjects: 0.208000 ms CreateObjectMapping: 0.111900 ms MarkObjects: 2.830400 ms  DeleteObjects: 0.019800 ms)

AssetImportParameters requested are different than current active one (requested -> active):
  custom:framework-win-MediaFoundation: 216162199b28c13a410421893ffa2e32 -> 
  custom:video-decoder-ogg-theora: a1e56fd34408186e4bbccfd4996cb3dc -> 
  custom:container-muxer-webm: aa71ff27fc2769a1b78a27578f13a17b -> 
  custom:container-demuxer-webm: 4f35f7cbe854078d1ac9338744f61a02 -> 
  custom:container-demuxer-ogg: 62fdf1f143b41e24485cea50d1cbac27 -> 
  custom:video-encoder-webm-vp8: eb34c28f22e8b96e1ab97ce403110664 -> 
  custom:video-decoder-webm-vp8: 9c59270c3fd7afecdb556c50c9e8de78 -> 
  custom:audio-decoder-ogg-vorbis: bf7c407c2cedff20999df2af8eb42d56 -> 
  custom:audio-encoder-webm-vorbis: bf7c407c2cedff20999df2af8eb42d56 -> 
========================================================================
Received Import Request.
  Time since last request: 161.944831 seconds.
  path: Assets/ScriptableObjects
  artifactKey: Guid(67061578c99e8b041b3fb32e98afd58c) Importer(815301076,1909f56bfc062723c751e8b465ee728b)
Start importing Assets/ScriptableObjects using Guid(67061578c99e8b041b3fb32e98afd58c) Importer(815301076,1909f56bfc062723c751e8b465ee728b)  -> (artifact id: '83244b6c68c33c832253ed60b7387bc1') in 0.008686 seconds 
  Import took 0.012729 seconds .

========================================================================
Received Import Request.
  Time since last request: 13.480860 seconds.
  path: Assets/ScriptableObjects/InputReader.asset
  artifactKey: Guid(4b02f82f78e529a4bb73bd154ce020bf) Importer(815301076,1909f56bfc062723c751e8b465ee728b)
Start importing Assets/ScriptableObjects/InputReader.asset using Guid(4b02f82f78e529a4bb73bd154ce020bf) Importer(815301076,1909f56bfc062723c751e8b465ee728b)  -> (artifact id: '639a83fb21a7cc33408bd1be8e384ed3') in 0.017893 seconds 
  Import took 0.022019 seconds .

========================================================================
Received Import Request.
  Time since last request: 13.641234 seconds.
  path: Assets/ScriptableObjects/Initialization.asset
  artifactKey: Guid(e95ea00ab5eba1941ab80ae31852e150) Importer(815301076,1909f56bfc062723c751e8b465ee728b)
Start importing Assets/ScriptableObjects/Initialization.asset using Guid(e95ea00ab5eba1941ab80ae31852e150) Importer(815301076,1909f56bfc062723c751e8b465ee728b)  -> (artifact id: '9a511222fd1632abbab90405ff22327a') in 0.006533 seconds 
  Import took 0.010658 seconds .

========================================================================
Received Import Request.
  Time since last request: 7.785086 seconds.
  path: Assets/Scenes/Initialization.unity
  artifactKey: Guid(7607f673414aee440bee221ec1270d80) Importer(815301076,1909f56bfc062723c751e8b465ee728b)
Start importing Assets/Scenes/Initialization.unity using Guid(7607f673414aee440bee221ec1270d80) Importer(815301076,1909f56bfc062723c751e8b465ee728b)  -> (artifact id: '33240b6cdb85e562f9bfecfa10cc7b9c') in 0.005505 seconds 
  Import took 0.009729 seconds .

========================================================================
Received Import Request.
  Time since last request: 1.745538 seconds.
  path: Assets/Scenes/SampleScene.unity
  artifactKey: Guid(2cda990e2423bbf4892e6590ba056729) Importer(815301076,1909f56bfc062723c751e8b465ee728b)
Start importing Assets/Scenes/SampleScene.unity using Guid(2cda990e2423bbf4892e6590ba056729) Importer(815301076,1909f56bfc062723c751e8b465ee728b)  -> (artifact id: 'aa27944bdea339c97c39027c7eea529c') in 0.004323 seconds 
  Import took 0.008175 seconds .

========================================================================
Received Prepare
Registering precompiled user dll's ...
Registered in 0.003526 seconds.
Begin MonoManager ReloadAssembly
Native extension for WindowsStandalone target not found
Refreshing native plugins compatible for Editor in 0.47 ms, found 3 plugins.
Preloading 0 native plugins for Editor in 0.00 ms.
Mono: successfully reloaded assembly
- Completed reload, in  1.077 seconds
Domain Reload Profiling:
	ReloadAssembly (1077ms)
		BeginReloadAssembly (119ms)
			ExecutionOrderSort (0ms)
			DisableScriptedObjects (6ms)
			BackupInstance (0ms)
			ReleaseScriptingObjects (0ms)
			CreateAndSetChildDomain (36ms)
		EndReloadAssembly (895ms)
			LoadAssemblies (96ms)
			RebuildTransferFunctionScriptingTraits (0ms)
			SetupTypeCache (289ms)
			ReleaseScriptCaches (1ms)
			RebuildScriptCaches (42ms)
			SetupLoadedEditorAssemblies (363ms)
				LogAssemblyErrors (0ms)
				InitializePlatformSupportModulesInManaged (4ms)
				SetLoadedEditorAssemblies (0ms)
				RefreshPlugins (1ms)
				BeforeProcessingInitializeOnLoad (89ms)
				ProcessInitializeOnLoadAttributes (202ms)
				ProcessInitializeOnLoadMethodAttributes (57ms)
				AfterProcessingInitializeOnLoad (10ms)
				EditorAssembliesLoaded (0ms)
			ExecutionOrderSort2 (0ms)
			AwakeInstancesAfterBackupRestoration (9ms)
Platform modules already initialized, skipping
Refreshing native plugins compatible for Editor in 0.46 ms, found 3 plugins.
Preloading 0 native plugins for Editor in 0.00 ms.
Unloading 2834 Unused Serialized files (Serialized files now loaded: 0)
System memory in use before: 117.9 MB.
System memory in use after: 118.1 MB.

Unloading 14 unused Assets to reduce memory usage. Loaded Objects now: 3297.
Total: 3.367800 ms (FindLiveObjects: 0.228500 ms CreateObjectMapping: 0.124300 ms MarkObjects: 2.994800 ms  DeleteObjects: 0.019400 ms)

AssetImportParameters requested are different than current active one (requested -> active):
  custom:framework-win-MediaFoundation: 216162199b28c13a410421893ffa2e32 -> 
  custom:video-decoder-ogg-theora: a1e56fd34408186e4bbccfd4996cb3dc -> 
  custom:container-muxer-webm: aa71ff27fc2769a1b78a27578f13a17b -> 
  custom:container-demuxer-webm: 4f35f7cbe854078d1ac9338744f61a02 -> 
  custom:container-demuxer-ogg: 62fdf1f143b41e24485cea50d1cbac27 -> 
  custom:video-encoder-webm-vp8: eb34c28f22e8b96e1ab97ce403110664 -> 
  custom:video-decoder-webm-vp8: 9c59270c3fd7afecdb556c50c9e8de78 -> 
  custom:audio-decoder-ogg-vorbis: bf7c407c2cedff20999df2af8eb42d56 -> 
  custom:audio-encoder-webm-vorbis: bf7c407c2cedff20999df2af8eb42d56 -> 
========================================================================
Received Import Request.
  Time since last request: 101.844549 seconds.
  path: Assets/Events/LoadScene.asset
  artifactKey: Guid(53b98ac8821fdcb4ba23af6968dfdc57) Importer(815301076,1909f56bfc062723c751e8b465ee728b)
Start importing Assets/Events/LoadScene.asset using Guid(53b98ac8821fdcb4ba23af6968dfdc57) Importer(815301076,1909f56bfc062723c751e8b465ee728b)  -> (artifact id: '5513e4874fcc3307673a81cfbf3e4bef') in 0.016820 seconds 
  Import took 0.020914 seconds .

========================================================================
Received Import Request.
  Time since last request: 123.907809 seconds.
  path: Assets/Scenes/Managers.unity
  artifactKey: Guid(a0e8f4d0976a1f9409244934d09cfd59) Importer(815301076,1909f56bfc062723c751e8b465ee728b)
Start importing Assets/Scenes/Managers.unity using Guid(a0e8f4d0976a1f9409244934d09cfd59) Importer(815301076,1909f56bfc062723c751e8b465ee728b)  -> (artifact id: '0a013af6f8afc7b933e79df094c36a7a') in 0.005600 seconds 
  Import took 0.009760 seconds .

========================================================================
Received Import Request.
  Time since last request: 21.781192 seconds.
  path: Assets/Events/LoadScene.asset
  artifactKey: Guid(53b98ac8821fdcb4ba23af6968dfdc57) Importer(815301076,1909f56bfc062723c751e8b465ee728b)
Start importing Assets/Events/LoadScene.asset using Guid(53b98ac8821fdcb4ba23af6968dfdc57) Importer(815301076,1909f56bfc062723c751e8b465ee728b)  -> (artifact id: '25ff6d07f075473d506ef9827465c7fb') in 0.004386 seconds 
  Import took 0.022643 seconds .

========================================================================
Received Import Request.
  Time since last request: 15.772113 seconds.
  path: Assets/Events/OnSceneReady.asset
  artifactKey: Guid(f09a4871fd93b67418d27a72dd4416c2) Importer(815301076,1909f56bfc062723c751e8b465ee728b)
Start importing Assets/Events/OnSceneReady.asset using Guid(f09a4871fd93b67418d27a72dd4416c2) Importer(815301076,1909f56bfc062723c751e8b465ee728b)  -> (artifact id: '63e6cb52ebb28e689cd2997be6e47dfb') in 0.005705 seconds 
  Import took 0.009643 seconds .

========================================================================
Received Import Request.
  Time since last request: 8.851142 seconds.
  path: Assets/Events/OnSceneReady.asset
  artifactKey: Guid(f09a4871fd93b67418d27a72dd4416c2) Importer(815301076,1909f56bfc062723c751e8b465ee728b)
Start importing Assets/Events/OnSceneReady.asset using Guid(f09a4871fd93b67418d27a72dd4416c2) Importer(815301076,1909f56bfc062723c751e8b465ee728b)  -> (artifact id: '6fd67989cec114f4a93ca88941c6e39f') in 0.005081 seconds 
  Import took 0.009454 seconds .

========================================================================
Received Import Request.
  Time since last request: 21.045029 seconds.
  path: Assets/Events/OnScenesReady.asset
  artifactKey: Guid(f09a4871fd93b67418d27a72dd4416c2) Importer(815301076,1909f56bfc062723c751e8b465ee728b)
Start importing Assets/Events/OnScenesReady.asset using Guid(f09a4871fd93b67418d27a72dd4416c2) Importer(815301076,1909f56bfc062723c751e8b465ee728b)  -> (artifact id: 'a775777cfcfd3bab9e095f0fb55e50e4') in 0.006570 seconds 
  Import took 0.010846 seconds .

========================================================================
Received Import Request.
  Time since last request: 30.015781 seconds.
  path: Assets/Events/New Void Event Channel SO.asset
  artifactKey: Guid(2768047458fa3bc4e9e796b110788d09) Importer(815301076,1909f56bfc062723c751e8b465ee728b)
Start importing Assets/Events/New Void Event Channel SO.asset using Guid(2768047458fa3bc4e9e796b110788d09) Importer(815301076,1909f56bfc062723c751e8b465ee728b)  -> (artifact id: '3c4a85b3ee610c55817aec76190fe670') in 0.006661 seconds 
  Import took 0.010856 seconds .

========================================================================
Received Import Request.
  Time since last request: 6.947199 seconds.
  path: Assets/Events/OnScenesReady.asset
  artifactKey: Guid(2768047458fa3bc4e9e796b110788d09) Importer(815301076,1909f56bfc062723c751e8b465ee728b)
Start importing Assets/Events/OnScenesReady.asset using Guid(2768047458fa3bc4e9e796b110788d09) Importer(815301076,1909f56bfc062723c751e8b465ee728b)  -> (artifact id: '4d242d67efca0e4900d94bfdc87a8462') in 0.004723 seconds 
  Import took 0.008711 seconds .

========================================================================
Received Import Request.
  Time since last request: 11.372904 seconds.
  path: Assets/Events/OnScenesReady.asset
  artifactKey: Guid(2768047458fa3bc4e9e796b110788d09) Importer(815301076,1909f56bfc062723c751e8b465ee728b)
Start importing Assets/Events/OnScenesReady.asset using Guid(2768047458fa3bc4e9e796b110788d09) Importer(815301076,1909f56bfc062723c751e8b465ee728b)  -> (artifact id: '67840ca400f9e7e1addbbf6a88d37db9') in 0.004448 seconds 
  Import took 0.008450 seconds .

========================================================================
Received Import Request.
  Time since last request: 16.296339 seconds.
  path: Assets/Events/ToggleLoadingScreen.asset
  artifactKey: Guid(6a0942c2c98e3d1438e02078cc37bd85) Importer(815301076,1909f56bfc062723c751e8b465ee728b)
Start importing Assets/Events/ToggleLoadingScreen.asset using Guid(6a0942c2c98e3d1438e02078cc37bd85) Importer(815301076,1909f56bfc062723c751e8b465ee728b)  -> (artifact id: '078e9c9f8b1a59fe77bcfb2404dbcaad') in 0.005534 seconds 
  Import took 0.009515 seconds .

========================================================================
Received Import Request.
  Time since last request: 8.090539 seconds.
  path: Assets/Events/ToggleLoadingScreen.asset
  artifactKey: Guid(6a0942c2c98e3d1438e02078cc37bd85) Importer(815301076,1909f56bfc062723c751e8b465ee728b)
Start importing Assets/Events/ToggleLoadingScreen.asset using Guid(6a0942c2c98e3d1438e02078cc37bd85) Importer(815301076,1909f56bfc062723c751e8b465ee728b)  -> (artifact id: '49747485e634b19b94a8166670ebc255') in 0.004372 seconds 
  Import took 0.008558 seconds .

========================================================================
Received Prepare
Registering precompiled user dll's ...
Registered in 0.003530 seconds.
Begin MonoManager ReloadAssembly
Native extension for WindowsStandalone target not found
Refreshing native plugins compatible for Editor in 0.47 ms, found 3 plugins.
Preloading 0 native plugins for Editor in 0.00 ms.
Mono: successfully reloaded assembly
- Completed reload, in  1.035 seconds
Domain Reload Profiling:
	ReloadAssembly (1035ms)
		BeginReloadAssembly (114ms)
			ExecutionOrderSort (0ms)
			DisableScriptedObjects (6ms)
			BackupInstance (0ms)
			ReleaseScriptingObjects (0ms)
			CreateAndSetChildDomain (35ms)
		EndReloadAssembly (860ms)
			LoadAssemblies (91ms)
			RebuildTransferFunctionScriptingTraits (0ms)
			SetupTypeCache (277ms)
			ReleaseScriptCaches (1ms)
			RebuildScriptCaches (39ms)
			SetupLoadedEditorAssemblies (304ms)
				LogAssemblyErrors (0ms)
				InitializePlatformSupportModulesInManaged (4ms)
				SetLoadedEditorAssemblies (0ms)
				RefreshPlugins (1ms)
				BeforeProcessingInitializeOnLoad (88ms)
				ProcessInitializeOnLoadAttributes (195ms)
				ProcessInitializeOnLoadMethodAttributes (7ms)
				AfterProcessingInitializeOnLoad (9ms)
				EditorAssembliesLoaded (0ms)
			ExecutionOrderSort2 (0ms)
			AwakeInstancesAfterBackupRestoration (30ms)
Platform modules already initialized, skipping
Refreshing native plugins compatible for Editor in 0.46 ms, found 3 plugins.
Preloading 0 native plugins for Editor in 0.00 ms.
Unloading 2822 Unused Serialized files (Serialized files now loaded: 0)
System memory in use before: 117.7 MB.
System memory in use after: 117.9 MB.

Unloading 14 unused Assets to reduce memory usage. Loaded Objects now: 3300.
Total: 3.411100 ms (FindLiveObjects: 0.229500 ms CreateObjectMapping: 0.139000 ms MarkObjects: 3.022700 ms  DeleteObjects: 0.018900 ms)

AssetImportParameters requested are different than current active one (requested -> active):
  custom:framework-win-MediaFoundation: 216162199b28c13a410421893ffa2e32 -> 
  custom:video-decoder-ogg-theora: a1e56fd34408186e4bbccfd4996cb3dc -> 
  custom:container-muxer-webm: aa71ff27fc2769a1b78a27578f13a17b -> 
  custom:container-demuxer-webm: 4f35f7cbe854078d1ac9338744f61a02 -> 
  custom:container-demuxer-ogg: 62fdf1f143b41e24485cea50d1cbac27 -> 
  custom:video-encoder-webm-vp8: eb34c28f22e8b96e1ab97ce403110664 -> 
  custom:video-decoder-webm-vp8: 9c59270c3fd7afecdb556c50c9e8de78 -> 
  custom:audio-decoder-ogg-vorbis: bf7c407c2cedff20999df2af8eb42d56 -> 
  custom:audio-encoder-webm-vorbis: bf7c407c2cedff20999df2af8eb42d56 -> 
========================================================================
Received Import Request.
  Time since last request: 75.798756 seconds.
  path: Assets/Scenes/Initialization.unity
  artifactKey: Guid(7607f673414aee440bee221ec1270d80) Importer(815301076,1909f56bfc062723c751e8b465ee728b)
Start importing Assets/Scenes/Initialization.unity using Guid(7607f673414aee440bee221ec1270d80) Importer(815301076,1909f56bfc062723c751e8b465ee728b)  -> (artifact id: 'cc33d729dac05d443bc55106314e6cdf') in 0.011442 seconds 
  Import took 0.015541 seconds .

========================================================================
Received Import Request.
  Time since last request: 11.838962 seconds.
  path: Assets/ScriptableObjects/ManagerScene.asset
  artifactKey: Guid(a69f3f29890315d4f84fe875fc1fed0b) Importer(815301076,1909f56bfc062723c751e8b465ee728b)
Start importing Assets/ScriptableObjects/ManagerScene.asset using Guid(a69f3f29890315d4f84fe875fc1fed0b) Importer(815301076,1909f56bfc062723c751e8b465ee728b)  -> (artifact id: '1e73f5c87a1b0b5fa65f14a74e247051') in 0.006304 seconds 
  Import took 0.010407 seconds .

========================================================================
Received Import Request.
  Time since last request: 7.297885 seconds.
  path: Assets/Scenes/Managers.unity
  artifactKey: Guid(a0e8f4d0976a1f9409244934d09cfd59) Importer(815301076,1909f56bfc062723c751e8b465ee728b)
Start importing Assets/Scenes/Managers.unity using Guid(a0e8f4d0976a1f9409244934d09cfd59) Importer(815301076,1909f56bfc062723c751e8b465ee728b)  -> (artifact id: 'dc6a0cdb097bb6bc980c26fc94eec187') in 0.005138 seconds 
  Import took 0.009712 seconds .

========================================================================
Received Prepare
Registering precompiled user dll's ...
Registered in 0.003278 seconds.
Begin MonoManager ReloadAssembly
Native extension for WindowsStandalone target not found
Refreshing native plugins compatible for Editor in 0.47 ms, found 3 plugins.
Preloading 0 native plugins for Editor in 0.00 ms.
Mono: successfully reloaded assembly
- Completed reload, in  1.079 seconds
Domain Reload Profiling:
	ReloadAssembly (1080ms)
		BeginReloadAssembly (125ms)
			ExecutionOrderSort (0ms)
			DisableScriptedObjects (6ms)
			BackupInstance (0ms)
			ReleaseScriptingObjects (0ms)
			CreateAndSetChildDomain (34ms)
		EndReloadAssembly (890ms)
			LoadAssemblies (93ms)
			RebuildTransferFunctionScriptingTraits (0ms)
			SetupTypeCache (289ms)
			ReleaseScriptCaches (1ms)
			RebuildScriptCaches (40ms)
			SetupLoadedEditorAssemblies (314ms)
				LogAssemblyErrors (0ms)
				InitializePlatformSupportModulesInManaged (4ms)
				SetLoadedEditorAssemblies (0ms)
				RefreshPlugins (1ms)
				BeforeProcessingInitializeOnLoad (89ms)
				ProcessInitializeOnLoadAttributes (203ms)
				ProcessInitializeOnLoadMethodAttributes (7ms)
				AfterProcessingInitializeOnLoad (10ms)
				EditorAssembliesLoaded (0ms)
			ExecutionOrderSort2 (0ms)
			AwakeInstancesAfterBackupRestoration (32ms)
Platform modules already initialized, skipping
Refreshing native plugins compatible for Editor in 0.46 ms, found 3 plugins.
Preloading 0 native plugins for Editor in 0.00 ms.
Unloading 2822 Unused Serialized files (Serialized files now loaded: 0)
System memory in use before: 117.7 MB.
System memory in use after: 117.9 MB.

Unloading 14 unused Assets to reduce memory usage. Loaded Objects now: 3303.
Total: 3.213400 ms (FindLiveObjects: 0.218900 ms CreateObjectMapping: 0.117800 ms MarkObjects: 2.852100 ms  DeleteObjects: 0.023500 ms)

AssetImportParameters requested are different than current active one (requested -> active):
  custom:framework-win-MediaFoundation: 216162199b28c13a410421893ffa2e32 -> 
  custom:video-decoder-ogg-theora: a1e56fd34408186e4bbccfd4996cb3dc -> 
  custom:container-muxer-webm: aa71ff27fc2769a1b78a27578f13a17b -> 
  custom:container-demuxer-webm: 4f35f7cbe854078d1ac9338744f61a02 -> 
  custom:container-demuxer-ogg: 62fdf1f143b41e24485cea50d1cbac27 -> 
  custom:video-encoder-webm-vp8: eb34c28f22e8b96e1ab97ce403110664 -> 
  custom:video-decoder-webm-vp8: 9c59270c3fd7afecdb556c50c9e8de78 -> 
  custom:audio-decoder-ogg-vorbis: bf7c407c2cedff20999df2af8eb42d56 -> 
  custom:audio-encoder-webm-vorbis: bf7c407c2cedff20999df2af8eb42d56 -> 
========================================================================
Received Import Request.
  Time since last request: 78.545778 seconds.
  path: Assets/Addons/Samples/Addressables/1.18.15
  artifactKey: Guid(9b100c2f32a8a5b4abcd5037bae2396e) Importer(815301076,1909f56bfc062723c751e8b465ee728b)
Start importing Assets/Addons/Samples/Addressables/1.18.15 using Guid(9b100c2f32a8a5b4abcd5037bae2396e) Importer(815301076,1909f56bfc062723c751e8b465ee728b)  -> (artifact id: '4f8cd7091e5e186183177a2c785593e1') in 0.006739 seconds 
  Import took 0.010761 seconds .

========================================================================
Received Prepare
Registering precompiled user dll's ...
Registered in 0.003330 seconds.
Begin MonoManager ReloadAssembly
Native extension for WindowsStandalone target not found
Refreshing native plugins compatible for Editor in 0.47 ms, found 3 plugins.
Preloading 0 native plugins for Editor in 0.00 ms.
Mono: successfully reloaded assembly
- Completed reload, in  1.079 seconds
Domain Reload Profiling:
	ReloadAssembly (1080ms)
		BeginReloadAssembly (123ms)
			ExecutionOrderSort (0ms)
			DisableScriptedObjects (6ms)
			BackupInstance (0ms)
			ReleaseScriptingObjects (0ms)
			CreateAndSetChildDomain (36ms)
		EndReloadAssembly (893ms)
			LoadAssemblies (95ms)
			RebuildTransferFunctionScriptingTraits (0ms)
			SetupTypeCache (290ms)
			ReleaseScriptCaches (1ms)
			RebuildScriptCaches (41ms)
			SetupLoadedEditorAssemblies (314ms)
				LogAssemblyErrors (0ms)
				InitializePlatformSupportModulesInManaged (4ms)
				SetLoadedEditorAssemblies (0ms)
				RefreshPlugins (1ms)
				BeforeProcessingInitializeOnLoad (91ms)
				ProcessInitializeOnLoadAttributes (201ms)
				ProcessInitializeOnLoadMethodAttributes (7ms)
				AfterProcessingInitializeOnLoad (10ms)
				EditorAssembliesLoaded (0ms)
			ExecutionOrderSort2 (0ms)
			AwakeInstancesAfterBackupRestoration (31ms)
Platform modules already initialized, skipping
Refreshing native plugins compatible for Editor in 0.57 ms, found 3 plugins.
Preloading 0 native plugins for Editor in 0.00 ms.
Unloading 2822 Unused Serialized files (Serialized files now loaded: 0)
System memory in use before: 117.7 MB.
System memory in use after: 117.9 MB.

Unloading 14 unused Assets to reduce memory usage. Loaded Objects now: 3306.
Total: 3.407500 ms (FindLiveObjects: 0.214100 ms CreateObjectMapping: 0.111500 ms MarkObjects: 3.064200 ms  DeleteObjects: 0.016700 ms)

AssetImportParameters requested are different than current active one (requested -> active):
  custom:framework-win-MediaFoundation: 216162199b28c13a410421893ffa2e32 -> 
  custom:video-decoder-ogg-theora: a1e56fd34408186e4bbccfd4996cb3dc -> 
  custom:container-muxer-webm: aa71ff27fc2769a1b78a27578f13a17b -> 
  custom:container-demuxer-webm: 4f35f7cbe854078d1ac9338744f61a02 -> 
  custom:container-demuxer-ogg: 62fdf1f143b41e24485cea50d1cbac27 -> 
  custom:video-encoder-webm-vp8: eb34c28f22e8b96e1ab97ce403110664 -> 
  custom:video-decoder-webm-vp8: 9c59270c3fd7afecdb556c50c9e8de78 -> 
  custom:audio-decoder-ogg-vorbis: bf7c407c2cedff20999df2af8eb42d56 -> 
  custom:audio-encoder-webm-vorbis: bf7c407c2cedff20999df2af8eb42d56 -> 
========================================================================
Received Import Request.
  Time since last request: 67.909724 seconds.
  path: Assets/AddressableAssetsData/AssetGroups/New Group.asset
  artifactKey: Guid(a58c82076a79aaf4f872894ab2eb6027) Importer(815301076,1909f56bfc062723c751e8b465ee728b)
Start importing Assets/AddressableAssetsData/AssetGroups/New Group.asset using Guid(a58c82076a79aaf4f872894ab2eb6027) Importer(815301076,1909f56bfc062723c751e8b465ee728b)  -> (artifact id: '42a69666c51063d9bb7c861243f1e091') in 0.020940 seconds 
  Import took 0.025910 seconds .

========================================================================
Received Import Request.
  Time since last request: 139.742191 seconds.
  path: Assets/ScriptableObjects/Scenes
  artifactKey: Guid(620a0dd2b3dcc53488c4acf133a18c96) Importer(815301076,1909f56bfc062723c751e8b465ee728b)
Start importing Assets/ScriptableObjects/Scenes using Guid(620a0dd2b3dcc53488c4acf133a18c96) Importer(815301076,1909f56bfc062723c751e8b465ee728b)  -> (artifact id: 'a6835c41e7f25229436d5c692d443bb5') in 0.005367 seconds 
  Import took 0.009969 seconds .

========================================================================
Received Import Request.
  Time since last request: 52.911741 seconds.
  path: Assets/AddressableAssetsData/AssetGroups/GlobalManagers.asset
  artifactKey: Guid(a58c82076a79aaf4f872894ab2eb6027) Importer(815301076,1909f56bfc062723c751e8b465ee728b)
Start importing Assets/AddressableAssetsData/AssetGroups/GlobalManagers.asset using Guid(a58c82076a79aaf4f872894ab2eb6027) Importer(815301076,1909f56bfc062723c751e8b465ee728b)  -> (artifact id: '93db38691223de8d6bf8b94145c7639a') in 0.005776 seconds 
  Import took 0.010152 seconds .

========================================================================
Received Import Request.
  Time since last request: 5.142193 seconds.
  path: Assets/AddressableAssetsData/AssetGroups/New Group.asset
  artifactKey: Guid(1c7e71c3c97f15a478f5fb7cdc832db6) Importer(815301076,1909f56bfc062723c751e8b465ee728b)
Start importing Assets/AddressableAssetsData/AssetGroups/New Group.asset using Guid(1c7e71c3c97f15a478f5fb7cdc832db6) Importer(815301076,1909f56bfc062723c751e8b465ee728b)  -> (artifact id: '9d847dd8cc875acc16c6007e254f5fb2') in 0.005715 seconds 
  Import took 0.009716 seconds .

========================================================================
Received Import Request.
  Time since last request: 51.929151 seconds.
  path: Assets/AddressableAssetsData/AssetGroups/Data.asset
  artifactKey: Guid(1c7e71c3c97f15a478f5fb7cdc832db6) Importer(815301076,1909f56bfc062723c751e8b465ee728b)
Start importing Assets/AddressableAssetsData/AssetGroups/Data.asset using Guid(1c7e71c3c97f15a478f5fb7cdc832db6) Importer(815301076,1909f56bfc062723c751e8b465ee728b)  -> (artifact id: 'be231287c116df487e2973da24c6b4bb') in 0.004971 seconds 
  Import took 0.009135 seconds .

========================================================================
Received Import Request.
  Time since last request: 4.111544 seconds.
  path: Assets/AddressableAssetsData/AssetGroups/DataSO.asset
  artifactKey: Guid(1c7e71c3c97f15a478f5fb7cdc832db6) Importer(815301076,1909f56bfc062723c751e8b465ee728b)
Start importing Assets/AddressableAssetsData/AssetGroups/DataSO.asset using Guid(1c7e71c3c97f15a478f5fb7cdc832db6) Importer(815301076,1909f56bfc062723c751e8b465ee728b)  -> (artifact id: 'b84f5b35678fa289272654f28277f9d6') in 0.004613 seconds 
  Import took 0.008735 seconds .

========================================================================
Received Import Request.
  Time since last request: 7.079093 seconds.
  path: Assets/AddressableAssetsData/AssetGroups/New Group.asset
  artifactKey: Guid(d60168f85c85a6d4b82efdf99abaf198) Importer(815301076,1909f56bfc062723c751e8b465ee728b)
Start importing Assets/AddressableAssetsData/AssetGroups/New Group.asset using Guid(d60168f85c85a6d4b82efdf99abaf198) Importer(815301076,1909f56bfc062723c751e8b465ee728b)  -> (artifact id: 'b6978fa8db99ed249d3dd62ac9a91ad6') in 0.006015 seconds 
  Import took 0.009953 seconds .

========================================================================
Received Import Request.
  Time since last request: 4.694704 seconds.
  path: Assets/AddressableAssetsData/AssetGroups/LogicSO.asset
  artifactKey: Guid(d60168f85c85a6d4b82efdf99abaf198) Importer(815301076,1909f56bfc062723c751e8b465ee728b)
Start importing Assets/AddressableAssetsData/AssetGroups/LogicSO.asset using Guid(d60168f85c85a6d4b82efdf99abaf198) Importer(815301076,1909f56bfc062723c751e8b465ee728b)  -> (artifact id: '3cc86da2847f8218408300c8bc4088f1') in 0.006807 seconds 
  Import took 0.011417 seconds .

========================================================================
Received Import Request.
  Time since last request: 51.930020 seconds.
  path: Assets/Scenes/GlobalManagers.unity
  artifactKey: Guid(a0e8f4d0976a1f9409244934d09cfd59) Importer(815301076,1909f56bfc062723c751e8b465ee728b)
Start importing Assets/Scenes/GlobalManagers.unity using Guid(a0e8f4d0976a1f9409244934d09cfd59) Importer(815301076,1909f56bfc062723c751e8b465ee728b)  -> (artifact id: '7ba036831f34ae4fb5a17055667b9c00') in 0.005343 seconds 
  Import took 0.009314 seconds .

========================================================================
Received Import Request.
  Time since last request: 6.707775 seconds.
  path: Assets/Scenes/Initialization.unity
  artifactKey: Guid(7607f673414aee440bee221ec1270d80) Importer(815301076,1909f56bfc062723c751e8b465ee728b)
Start importing Assets/Scenes/Initialization.unity using Guid(7607f673414aee440bee221ec1270d80) Importer(815301076,1909f56bfc062723c751e8b465ee728b)  -> (artifact id: 'baacbfd46bd4181e145af829a7d41e10') in 0.005793 seconds 
  Import took 0.009775 seconds .

========================================================================
Received Prepare
Registering precompiled user dll's ...
Registered in 0.003265 seconds.
Begin MonoManager ReloadAssembly
Native extension for WindowsStandalone target not found
Refreshing native plugins compatible for Editor in 0.49 ms, found 3 plugins.
Preloading 0 native plugins for Editor in 0.00 ms.
Mono: successfully reloaded assembly
- Completed reload, in  1.120 seconds
Domain Reload Profiling:
	ReloadAssembly (1121ms)
		BeginReloadAssembly (123ms)
			ExecutionOrderSort (0ms)
			DisableScriptedObjects (6ms)
			BackupInstance (0ms)
			ReleaseScriptingObjects (0ms)
			CreateAndSetChildDomain (34ms)
		EndReloadAssembly (928ms)
			LoadAssemblies (105ms)
			RebuildTransferFunctionScriptingTraits (0ms)
			SetupTypeCache (304ms)
			ReleaseScriptCaches (1ms)
			RebuildScriptCaches (43ms)
			SetupLoadedEditorAssemblies (319ms)
				LogAssemblyErrors (0ms)
				InitializePlatformSupportModulesInManaged (4ms)
				SetLoadedEditorAssemblies (0ms)
				RefreshPlugins (1ms)
				BeforeProcessingInitializeOnLoad (90ms)
				ProcessInitializeOnLoadAttributes (206ms)
				ProcessInitializeOnLoadMethodAttributes (7ms)
				AfterProcessingInitializeOnLoad (10ms)
				EditorAssembliesLoaded (0ms)
			ExecutionOrderSort2 (0ms)
			AwakeInstancesAfterBackupRestoration (32ms)
Platform modules already initialized, skipping
Refreshing native plugins compatible for Editor in 0.47 ms, found 3 plugins.
Preloading 0 native plugins for Editor in 0.00 ms.
Unloading 2822 Unused Serialized files (Serialized files now loaded: 0)
System memory in use before: 117.7 MB.
System memory in use after: 118.0 MB.

Unloading 14 unused Assets to reduce memory usage. Loaded Objects now: 3309.
Total: 3.387100 ms (FindLiveObjects: 0.229900 ms CreateObjectMapping: 0.119900 ms MarkObjects: 3.017100 ms  DeleteObjects: 0.019300 ms)

AssetImportParameters requested are different than current active one (requested -> active):
  custom:framework-win-MediaFoundation: 216162199b28c13a410421893ffa2e32 -> 
  custom:video-decoder-ogg-theora: a1e56fd34408186e4bbccfd4996cb3dc -> 
  custom:container-muxer-webm: aa71ff27fc2769a1b78a27578f13a17b -> 
  custom:container-demuxer-webm: 4f35f7cbe854078d1ac9338744f61a02 -> 
  custom:container-demuxer-ogg: 62fdf1f143b41e24485cea50d1cbac27 -> 
  custom:video-encoder-webm-vp8: eb34c28f22e8b96e1ab97ce403110664 -> 
  custom:video-decoder-webm-vp8: 9c59270c3fd7afecdb556c50c9e8de78 -> 
  custom:audio-decoder-ogg-vorbis: bf7c407c2cedff20999df2af8eb42d56 -> 
  custom:audio-encoder-webm-vorbis: bf7c407c2cedff20999df2af8eb42d56 -> 
========================================================================
Received Import Request.
  Time since last request: 32.880002 seconds.
  path: Assets/Scenes/MainMenu.unity
  artifactKey: Guid(0645cd073f6826b44a7643bb362821c8) Importer(815301076,1909f56bfc062723c751e8b465ee728b)
Start importing Assets/Scenes/MainMenu.unity using Guid(0645cd073f6826b44a7643bb362821c8) Importer(815301076,1909f56bfc062723c751e8b465ee728b)  -> (artifact id: '6d26760579c76662eb6c7e9cdc491b6e') in 0.012525 seconds 
  Import took 0.016914 seconds .

========================================================================
Received Import Request.
  Time since last request: 9.811670 seconds.
  path: Assets/AddressableAssetsData/AssetGroups/New Group.asset
  artifactKey: Guid(b6f3b6e97d9deaf45b3924557c886ee1) Importer(815301076,1909f56bfc062723c751e8b465ee728b)
Start importing Assets/AddressableAssetsData/AssetGroups/New Group.asset using Guid(b6f3b6e97d9deaf45b3924557c886ee1) Importer(815301076,1909f56bfc062723c751e8b465ee728b)  -> (artifact id: '9e42b916cbb98cbd155f0b53148815ab') in 0.005649 seconds 
  Import took 0.009841 seconds .

========================================================================
Received Import Request.
  Time since last request: 6.068944 seconds.
  path: Assets/AddressableAssetsData/AssetGroups/MainMenuScene.asset
  artifactKey: Guid(b6f3b6e97d9deaf45b3924557c886ee1) Importer(815301076,1909f56bfc062723c751e8b465ee728b)
Start importing Assets/AddressableAssetsData/AssetGroups/MainMenuScene.asset using Guid(b6f3b6e97d9deaf45b3924557c886ee1) Importer(815301076,1909f56bfc062723c751e8b465ee728b)  -> (artifact id: '63ba2478235f3f8e8da664630515bc15') in 0.004870 seconds 
  Import took 0.009326 seconds .

========================================================================
Received Import Request.
  Time since last request: 1.864835 seconds.
  path: Assets/AddressableAssetsData/AssetGroups/GlobalManagers.asset
  artifactKey: Guid(a58c82076a79aaf4f872894ab2eb6027) Importer(815301076,1909f56bfc062723c751e8b465ee728b)
Start importing Assets/AddressableAssetsData/AssetGroups/GlobalManagers.asset using Guid(a58c82076a79aaf4f872894ab2eb6027) Importer(815301076,1909f56bfc062723c751e8b465ee728b)  -> (artifact id: '648a0e9f717fc3378262a3366cf1d559') in 0.004485 seconds 
  Import took 0.008591 seconds .

========================================================================
Received Import Request.
  Time since last request: 3.391058 seconds.
  path: Assets/AddressableAssetsData/AssetGroups/GlobalManagersScene.asset
  artifactKey: Guid(a58c82076a79aaf4f872894ab2eb6027) Importer(815301076,1909f56bfc062723c751e8b465ee728b)
Start importing Assets/AddressableAssetsData/AssetGroups/GlobalManagersScene.asset using Guid(a58c82076a79aaf4f872894ab2eb6027) Importer(815301076,1909f56bfc062723c751e8b465ee728b)  -> (artifact id: '483601b09ed0c41da26b4b727e1f3962') in 0.006731 seconds 
  Import took 0.011022 seconds .

========================================================================
Received Import Request.
  Time since last request: 7.652269 seconds.
  path: Assets/AddressableAssetsData/AssetGroups
  artifactKey: Guid(ee68d0a9546cd974694d1344ce715f30) Importer(815301076,1909f56bfc062723c751e8b465ee728b)
Start importing Assets/AddressableAssetsData/AssetGroups using Guid(ee68d0a9546cd974694d1344ce715f30) Importer(815301076,1909f56bfc062723c751e8b465ee728b)  -> (artifact id: '5fccbea2cde6c753bbd710e86f97de5f') in 0.004878 seconds 
  Import took 0.008796 seconds .

========================================================================
Received Import Request.
  Time since last request: 11.282186 seconds.
  path: Assets/ScriptableObjects/Scenes/ManagerScene.asset
  artifactKey: Guid(a69f3f29890315d4f84fe875fc1fed0b) Importer(815301076,1909f56bfc062723c751e8b465ee728b)
Start importing Assets/ScriptableObjects/Scenes/ManagerScene.asset using Guid(a69f3f29890315d4f84fe875fc1fed0b) Importer(815301076,1909f56bfc062723c751e8b465ee728b)  -> (artifact id: 'fc9a884d1c3d758557c45cb099d00088') in 0.039639 seconds 
  Import took 0.043700 seconds .

========================================================================
Received Import Request.
  Time since last request: 25.828159 seconds.
  path: Assets/ScriptableObjects/Scenes/MainMenu.asset
  artifactKey: Guid(1793c4415a8b4f24fbee3756bd34f1f2) Importer(815301076,1909f56bfc062723c751e8b465ee728b)
Start importing Assets/ScriptableObjects/Scenes/MainMenu.asset using Guid(1793c4415a8b4f24fbee3756bd34f1f2) Importer(815301076,1909f56bfc062723c751e8b465ee728b)  -> (artifact id: '033f2e2f6129f254ad1ded5f8a8de4e5') in 0.005245 seconds 
  Import took 0.010160 seconds .

========================================================================
Received Import Request.
  Time since last request: 6.860209 seconds.
  path: Assets/ScriptableObjects/Scenes/GlobalManagers.asset
  artifactKey: Guid(a69f3f29890315d4f84fe875fc1fed0b) Importer(815301076,1909f56bfc062723c751e8b465ee728b)
Start importing Assets/ScriptableObjects/Scenes/GlobalManagers.asset using Guid(a69f3f29890315d4f84fe875fc1fed0b) Importer(815301076,1909f56bfc062723c751e8b465ee728b)  -> (artifact id: 'ac7111c4b8ae45efcbc0e522401b835b') in 0.005349 seconds 
  Import took 0.010051 seconds .

========================================================================
Received Import Request.
  Time since last request: 19.190497 seconds.
  path: Assets/Scenes/Initialization.unity
  artifactKey: Guid(7607f673414aee440bee221ec1270d80) Importer(815301076,1909f56bfc062723c751e8b465ee728b)
Start importing Assets/Scenes/Initialization.unity using Guid(7607f673414aee440bee221ec1270d80) Importer(815301076,1909f56bfc062723c751e8b465ee728b)  -> (artifact id: '6dcec9fc3ceae83727a4478feecac3aa') in 0.004317 seconds 
  Import took 0.008283 seconds .

========================================================================
Received Prepare
Registering precompiled user dll's ...
Registered in 0.003824 seconds.
Begin MonoManager ReloadAssembly
Native extension for WindowsStandalone target not found
Refreshing native plugins compatible for Editor in 0.48 ms, found 3 plugins.
Preloading 0 native plugins for Editor in 0.00 ms.
Mono: successfully reloaded assembly
- Completed reload, in  1.044 seconds
Domain Reload Profiling:
	ReloadAssembly (1045ms)
		BeginReloadAssembly (107ms)
			ExecutionOrderSort (0ms)
			DisableScriptedObjects (5ms)
			BackupInstance (0ms)
			ReleaseScriptingObjects (0ms)
			CreateAndSetChildDomain (31ms)
		EndReloadAssembly (875ms)
			LoadAssemblies (93ms)
			RebuildTransferFunctionScriptingTraits (0ms)
			SetupTypeCache (276ms)
			ReleaseScriptCaches (1ms)
			RebuildScriptCaches (43ms)
			SetupLoadedEditorAssemblies (309ms)
				LogAssemblyErrors (0ms)
				InitializePlatformSupportModulesInManaged (4ms)
				SetLoadedEditorAssemblies (0ms)
				RefreshPlugins (1ms)
				BeforeProcessingInitializeOnLoad (90ms)
				ProcessInitializeOnLoadAttributes (197ms)
				ProcessInitializeOnLoadMethodAttributes (7ms)
				AfterProcessingInitializeOnLoad (10ms)
				EditorAssembliesLoaded (0ms)
			ExecutionOrderSort2 (0ms)
			AwakeInstancesAfterBackupRestoration (31ms)
Platform modules already initialized, skipping
Refreshing native plugins compatible for Editor in 0.47 ms, found 3 plugins.
Preloading 0 native plugins for Editor in 0.00 ms.
Unloading 2822 Unused Serialized files (Serialized files now loaded: 0)
System memory in use before: 117.8 MB.
System memory in use after: 118.0 MB.

Unloading 14 unused Assets to reduce memory usage. Loaded Objects now: 3312.
Total: 3.384700 ms (FindLiveObjects: 0.227800 ms CreateObjectMapping: 0.118700 ms MarkObjects: 3.017800 ms  DeleteObjects: 0.019300 ms)

AssetImportParameters requested are different than current active one (requested -> active):
  custom:framework-win-MediaFoundation: 216162199b28c13a410421893ffa2e32 -> 
  custom:video-decoder-ogg-theora: a1e56fd34408186e4bbccfd4996cb3dc -> 
  custom:container-muxer-webm: aa71ff27fc2769a1b78a27578f13a17b -> 
  custom:container-demuxer-webm: 4f35f7cbe854078d1ac9338744f61a02 -> 
  custom:container-demuxer-ogg: 62fdf1f143b41e24485cea50d1cbac27 -> 
  custom:video-encoder-webm-vp8: eb34c28f22e8b96e1ab97ce403110664 -> 
  custom:video-decoder-webm-vp8: 9c59270c3fd7afecdb556c50c9e8de78 -> 
  custom:audio-decoder-ogg-vorbis: bf7c407c2cedff20999df2af8eb42d56 -> 
  custom:audio-encoder-webm-vorbis: bf7c407c2cedff20999df2af8eb42d56 -> 
========================================================================
Received Import Request.
  Time since last request: 82.375803 seconds.
  path: Assets/Addons/Samples
  artifactKey: Guid(9397437232c1e2f4ca36674359d79340) Importer(815301076,1909f56bfc062723c751e8b465ee728b)
Start importing Assets/Addons/Samples using Guid(9397437232c1e2f4ca36674359d79340) Importer(815301076,1909f56bfc062723c751e8b465ee728b)  -> (artifact id: '5d9ae077bf514cc084536dd032cf3834') in 0.006258 seconds 
  Import took 0.010524 seconds .

========================================================================
Received Prepare
Registering precompiled user dll's ...
Registered in 0.003400 seconds.
Begin MonoManager ReloadAssembly
Native extension for WindowsStandalone target not found
Refreshing native plugins compatible for Editor in 0.49 ms, found 3 plugins.
Preloading 0 native plugins for Editor in 0.00 ms.
Mono: successfully reloaded assembly
- Completed reload, in  1.036 seconds
Domain Reload Profiling:
	ReloadAssembly (1036ms)
		BeginReloadAssembly (111ms)
			ExecutionOrderSort (0ms)
			DisableScriptedObjects (6ms)
			BackupInstance (0ms)
			ReleaseScriptingObjects (0ms)
			CreateAndSetChildDomain (31ms)
		EndReloadAssembly (864ms)
			LoadAssemblies (92ms)
			RebuildTransferFunctionScriptingTraits (0ms)
			SetupTypeCache (275ms)
			ReleaseScriptCaches (1ms)
			RebuildScriptCaches (43ms)
			SetupLoadedEditorAssemblies (306ms)
				LogAssemblyErrors (0ms)
				InitializePlatformSupportModulesInManaged (4ms)
				SetLoadedEditorAssemblies (0ms)
				RefreshPlugins (1ms)
				BeforeProcessingInitializeOnLoad (86ms)
				ProcessInitializeOnLoadAttributes (198ms)
				ProcessInitializeOnLoadMethodAttributes (7ms)
				AfterProcessingInitializeOnLoad (10ms)
				EditorAssembliesLoaded (0ms)
			ExecutionOrderSort2 (0ms)
			AwakeInstancesAfterBackupRestoration (31ms)
Platform modules already initialized, skipping
Refreshing native plugins compatible for Editor in 0.52 ms, found 3 plugins.
Preloading 0 native plugins for Editor in 0.00 ms.
Unloading 2821 Unused Serialized files (Serialized files now loaded: 0)
System memory in use before: 117.8 MB.
System memory in use after: 118.0 MB.

Unloading 15 unused Assets to reduce memory usage. Loaded Objects now: 3314.
Total: 3.131700 ms (FindLiveObjects: 0.226800 ms CreateObjectMapping: 0.125800 ms MarkObjects: 2.761100 ms  DeleteObjects: 0.016900 ms)

AssetImportParameters requested are different than current active one (requested -> active):
  custom:framework-win-MediaFoundation: 216162199b28c13a410421893ffa2e32 -> 
  custom:video-decoder-ogg-theora: a1e56fd34408186e4bbccfd4996cb3dc -> 
  custom:container-muxer-webm: aa71ff27fc2769a1b78a27578f13a17b -> 
  custom:container-demuxer-webm: 4f35f7cbe854078d1ac9338744f61a02 -> 
  custom:container-demuxer-ogg: 62fdf1f143b41e24485cea50d1cbac27 -> 
  custom:video-encoder-webm-vp8: eb34c28f22e8b96e1ab97ce403110664 -> 
  custom:video-decoder-webm-vp8: 9c59270c3fd7afecdb556c50c9e8de78 -> 
  custom:audio-decoder-ogg-vorbis: bf7c407c2cedff20999df2af8eb42d56 -> 
  custom:audio-encoder-webm-vorbis: bf7c407c2cedff20999df2af8eb42d56 -> 
========================================================================
Received Prepare
Registering precompiled user dll's ...
Registered in 0.006769 seconds.
Begin MonoManager ReloadAssembly
Native extension for WindowsStandalone target not found
Refreshing native plugins compatible for Editor in 81.91 ms, found 3 plugins.
Preloading 0 native plugins for Editor in 0.00 ms.
Mono: successfully reloaded assembly
- Completed reload, in  1.693 seconds
Domain Reload Profiling:
	ReloadAssembly (1693ms)
		BeginReloadAssembly (138ms)
			ExecutionOrderSort (0ms)
			DisableScriptedObjects (8ms)
			BackupInstance (0ms)
			ReleaseScriptingObjects (0ms)
			CreateAndSetChildDomain (34ms)
		EndReloadAssembly (1387ms)
			LoadAssemblies (129ms)
			RebuildTransferFunctionScriptingTraits (0ms)
			SetupTypeCache (430ms)
			ReleaseScriptCaches (1ms)
			RebuildScriptCaches (49ms)
			SetupLoadedEditorAssemblies (545ms)
				LogAssemblyErrors (0ms)
				InitializePlatformSupportModulesInManaged (4ms)
				SetLoadedEditorAssemblies (0ms)
				RefreshPlugins (82ms)
				BeforeProcessingInitializeOnLoad (93ms)
				ProcessInitializeOnLoadAttributes (344ms)
				ProcessInitializeOnLoadMethodAttributes (11ms)
				AfterProcessingInitializeOnLoad (11ms)
				EditorAssembliesLoaded (0ms)
			ExecutionOrderSort2 (0ms)
			AwakeInstancesAfterBackupRestoration (39ms)
Platform modules already initialized, skipping
Shader 'Universal Render Pipeline/Nature/SpeedTree7': dependency 'BillboardShader' shader 'Universal Render Pipeline/Nature/SpeedTree7 Billboard' not found
Shader 'Universal Render Pipeline/Baked Lit': fallback shader 'Universal Render Pipeline/Unlit' not found
Shader 'Universal Render Pipeline/Simple Lit': fallback shader 'Hidden/Universal Render Pipeline/FallbackError' not found
Shader 'Universal Render Pipeline/Terrain/Lit': fallback shader 'Hidden/Universal Render Pipeline/FallbackError' not found
Shader 'Universal Render Pipeline/Terrain/Lit': dependency 'AddPassShader' shader 'Hidden/Universal Render Pipeline/Terrain/Lit (Add Pass)' not found
Shader 'Universal Render Pipeline/Terrain/Lit': dependency 'BaseMapShader' shader 'Hidden/Universal Render Pipeline/Terrain/Lit (Base Pass)' not found
Shader 'Universal Render Pipeline/Terrain/Lit': dependency 'BaseMapGenShader' shader 'Hidden/Universal Render Pipeline/Terrain/Lit (Basemap Gen)' not found
Shader 'Hidden/Universal Render Pipeline/Terrain/Lit (Add Pass)': fallback shader 'Hidden/Universal Render Pipeline/FallbackError' not found
Shader 'Hidden/Universal Render Pipeline/Terrain/Lit (Base Pass)': fallback shader 'Hidden/Universal Render Pipeline/FallbackError' not found
Refreshing native plugins compatible for Editor in 0.74 ms, found 3 plugins.
Preloading 0 native plugins for Editor in 0.00 ms.
Unloading 3918 Unused Serialized files (Serialized files now loaded: 0)
System memory in use before: 159.1 MB.
System memory in use after: 154.8 MB.

Unloading 71 unused Assets to reduce memory usage. Loaded Objects now: 4357.
Total: 8.554300 ms (FindLiveObjects: 0.478600 ms CreateObjectMapping: 0.464700 ms MarkObjects: 5.529700 ms  DeleteObjects: 2.079400 ms)

AssetImportParameters requested are different than current active one (requested -> active):
  custom:framework-win-MediaFoundation: 216162199b28c13a410421893ffa2e32 -> 
  custom:video-decoder-ogg-theora: a1e56fd34408186e4bbccfd4996cb3dc -> 
  custom:container-muxer-webm: aa71ff27fc2769a1b78a27578f13a17b -> 
  custom:container-demuxer-webm: 4f35f7cbe854078d1ac9338744f61a02 -> 
  custom:container-demuxer-ogg: 62fdf1f143b41e24485cea50d1cbac27 -> 
  custom:video-encoder-webm-vp8: eb34c28f22e8b96e1ab97ce403110664 -> 
  custom:video-decoder-webm-vp8: 9c59270c3fd7afecdb556c50c9e8de78 -> 
  custom:audio-decoder-ogg-vorbis: bf7c407c2cedff20999df2af8eb42d56 -> 
  custom:audio-encoder-webm-vorbis: bf7c407c2cedff20999df2af8eb42d56 -> 
========================================================================
Received Import Request.
  Time since last request: 239.076674 seconds.
  path: Assets/ScriptableObjects/PipelineSettings
  artifactKey: Guid(7d0f862dfdc8da346b4e555979b97321) Importer(815301076,1909f56bfc062723c751e8b465ee728b)
Start importing Assets/ScriptableObjects/PipelineSettings using Guid(7d0f862dfdc8da346b4e555979b97321) Importer(815301076,1909f56bfc062723c751e8b465ee728b)  -> (artifact id: '860d9dc190af97ea0271fa730b38ab2e') in 0.010760 seconds 
  Import took 0.016192 seconds .

========================================================================
Received Import Request.
  Time since last request: 19.662525 seconds.
  path: Assets/ScriptableObjects/PipelineSettings/UniversalRenderPipelineAsset.asset
  artifactKey: Guid(72906c1e03be0a643b7f433ed93703f2) Importer(815301076,1909f56bfc062723c751e8b465ee728b)
Start importing Assets/ScriptableObjects/PipelineSettings/UniversalRenderPipelineAsset.asset using Guid(72906c1e03be0a643b7f433ed93703f2) Importer(815301076,1909f56bfc062723c751e8b465ee728b)  -> (artifact id: 'f957209d70e031a5f2ac857ff21d3bac') in 0.071281 seconds 
  Import took 0.077741 seconds .

========================================================================
Received Import Request.
  Time since last request: 0.924529 seconds.
  path: Assets/ScriptableObjects/PipelineSettings/UniversalRenderPipelineAsset_Renderer.asset
  artifactKey: Guid(bddcbc0e2fd38fc4087c1403f00120a6) Importer(815301076,1909f56bfc062723c751e8b465ee728b)
Start importing Assets/ScriptableObjects/PipelineSettings/UniversalRenderPipelineAsset_Renderer.asset using Guid(bddcbc0e2fd38fc4087c1403f00120a6) Importer(815301076,1909f56bfc062723c751e8b465ee728b)  -> (artifact id: '61377dfd0976912a472f62d6700e81bc') in 0.032884 seconds 
  Import took 0.039133 seconds .

========================================================================
Received Import Request.
  Time since last request: 25.295759 seconds.
  path: Assets/AddressableAssetsData/AssetGroups/MainMenuScene.asset
  artifactKey: Guid(b6f3b6e97d9deaf45b3924557c886ee1) Importer(815301076,1909f56bfc062723c751e8b465ee728b)
Start importing Assets/AddressableAssetsData/AssetGroups/MainMenuScene.asset using Guid(b6f3b6e97d9deaf45b3924557c886ee1) Importer(815301076,1909f56bfc062723c751e8b465ee728b)  -> (artifact id: '4381cc756b8a07964837e471a618ddab') in 0.005627 seconds 
  Import took 0.011018 seconds .

========================================================================
Received Import Request.
  Time since last request: 14.738556 seconds.
  path: Assets/ScriptableObjects/PipelineSettings/URP2DRendererData.asset
  artifactKey: Guid(8f5c6cdb2c35f194492d85c09a31bc7f) Importer(815301076,1909f56bfc062723c751e8b465ee728b)
Start importing Assets/ScriptableObjects/PipelineSettings/URP2DRendererData.asset using Guid(8f5c6cdb2c35f194492d85c09a31bc7f) Importer(815301076,1909f56bfc062723c751e8b465ee728b)  -> (artifact id: '5795b586911950a449a4c7d148939c02') in 0.030919 seconds 
  Import took 0.037128 seconds .

========================================================================
Received Import Request.
  Time since last request: 6.599131 seconds.
  path: Assets/ScriptableObjects/PipelineSettings/URPAsset.asset
  artifactKey: Guid(72906c1e03be0a643b7f433ed93703f2) Importer(815301076,1909f56bfc062723c751e8b465ee728b)
Start importing Assets/ScriptableObjects/PipelineSettings/URPAsset.asset using Guid(72906c1e03be0a643b7f433ed93703f2) Importer(815301076,1909f56bfc062723c751e8b465ee728b)  -> (artifact id: 'cef50524425d1cb37e2d8e4269e01035') in 0.004423 seconds 
  Import took 0.010023 seconds .

========================================================================
Received Prepare
Switching render pipeline 00000000000000000000000000000000 -> 72906c1e03be0a643b7f433ed93703f2
Refreshing native plugins compatible for Editor in 3.46 ms, found 3 plugins.
Preloading 0 native plugins for Editor in 0.00 ms.
Unloading 70 Unused Serialized files (Serialized files now loaded: 0)
System memory in use before: 83.7 MB.
System memory in use after: 80.6 MB.

Unloading 49 unused Assets to reduce memory usage. Loaded Objects now: 4378.
Total: 5.681100 ms (FindLiveObjects: 0.291700 ms CreateObjectMapping: 0.174000 ms MarkObjects: 3.839200 ms  DeleteObjects: 1.374900 ms)

AssetImportParameters requested are different than current active one (requested -> active):
  custom:framework-win-MediaFoundation: 216162199b28c13a410421893ffa2e32 -> 
  custom:video-decoder-ogg-theora: a1e56fd34408186e4bbccfd4996cb3dc -> 
  custom:container-muxer-webm: aa71ff27fc2769a1b78a27578f13a17b -> 
  custom:container-demuxer-webm: 4f35f7cbe854078d1ac9338744f61a02 -> 
  custom:container-demuxer-ogg: 62fdf1f143b41e24485cea50d1cbac27 -> 
  custom:srp/default-shader: 0000e00a000e0de00000e000e02d0000 -> 0000e00a000e0de00000e000e0000000
  custom:video-encoder-webm-vp8: eb34c28f22e8b96e1ab97ce403110664 -> 
  custom:video-decoder-webm-vp8: 9c59270c3fd7afecdb556c50c9e8de78 -> 
  custom:audio-decoder-ogg-vorbis: bf7c407c2cedff20999df2af8eb42d56 -> 
  custom:audio-encoder-webm-vorbis: bf7c407c2cedff20999df2af8eb42d56 -> 
